<?xml version="1.0" encoding="UTF-8"?>
<testng-results skipped="0" failed="0" ignored="0" total="1" passed="1">
  <reporter-output>
  </reporter-output>
  <suite name="Default suite" duration-ms="36453" started-at="2023-01-10T12:47:44 IST" finished-at="2023-01-10T12:48:20 IST">
    <groups>
    </groups>
    <test name="Default test" duration-ms="36453" started-at="2023-01-10T12:47:44 IST" finished-at="2023-01-10T12:48:20 IST">
      <class name="com.ewizsaas.RegistrationPage">
        <test-method status="PASS" signature="veriifyRegistrationField()[pri:0, instance:com.ewizsaas.RegistrationPage@5e853265]" name="veriifyRegistrationField" duration-ms="36386" started-at="2023-01-10T12:47:44 IST" finished-at="2023-01-10T12:48:20 IST">
          <reporter-output>
          </reporter-output>
        </test-method> <!-- veriifyRegistrationField -->
      </class> <!-- com.ewizsaas.RegistrationPage -->
    </test> <!-- Default test -->
  </suite> <!-- Default suite -->
</testng-results>
